2023-02-18T19:54:11.525Z [my-bank-api] error: POST  - Name is required
2023-02-18T19:54:30.909Z [my-bank-api] error: POST  - Name is required
2023-02-18T19:54:43.528Z [my-bank-api] error: POST  - all fields are required
2023-02-18T22:23:18.243Z [my-bank-api] error: POST  - connect is not a function
2023-02-18T22:24:38.470Z [my-bank-api] error: POST  - connect is not a function
2023-02-18T22:25:05.856Z [my-bank-api] error: POST  - connect is not a function
2023-02-18T22:25:10.864Z [my-bank-api] error: POST  - connect is not a function
2023-02-18T22:27:50.631Z [my-bank-api] error: POST  - relation "cliente" does not exist
2023-02-18T22:30:13.373Z [my-bank-api] error: POST  - relation "cliente" does not exist
2023-02-18T22:30:20.153Z [my-bank-api] error: POST  - client is not defined
2023-02-18T22:31:17.961Z [my-bank-api] error: POST  - client is not defined
2023-02-18T22:31:24.484Z [my-bank-api] error: POST  - relation "cliente" does not exist
2023-02-18T22:31:58.573Z [my-bank-api] error: POST  - relation "cliente" does not exist
2023-02-18T22:33:55.241Z [my-bank-api] error: POST  - relation "cliente" does not exist
2023-02-18T22:33:57.932Z [my-bank-api] error: POST  - relation "cliente" does not exist
2023-02-18T22:35:10.728Z [my-bank-api] error: POST  - relation "cliente" does not exist
2023-02-18T22:35:11.990Z [my-bank-api] error: POST  - relation "cliente" does not exist
2023-02-18T22:37:12.020Z [my-bank-api] error: POST  - relation "cliente" does not exist
2023-02-18T22:37:33.669Z [my-bank-api] error: POST  - relation "client" does not exist
2023-02-18T22:38:12.939Z [my-bank-api] error: POST  - INSERT has more expressions than target columns
2023-02-18T22:38:56.598Z [my-bank-api] info: POST /client - {"name":"Joao","cpf":"123","phone":"5987","email":"jj@email.com","address":"rua da felicidade"}
2023-02-18T22:53:38.550Z [my-bank-api] info: POST /client - {"name":"Joao","cpf":"123","phone":"5987","email":"jj@email.com","address":"rua da felicidade"}
2023-02-18T22:54:25.554Z [my-bank-api] info: POST /client - {"name":"Joao","cpf":"123","phone":"5987","email":"jj@email.com","address":"rua da felicidade"}
2023-02-18T22:56:04.836Z [my-bank-api] info: POST /client - {"name":"Joao","cpf":"123","phone":"5987","email":"jj@email.com","address":"rua da felicidade"}
2023-02-18T22:58:44.904Z [my-bank-api] info: POST /client - {"name":"Joao","cpf":"123","phone":"5987","email":"jj@email.com","address":"rua da felicidade"}
2023-02-18T23:00:34.462Z [my-bank-api] info: POST /client - {"name":"Joao","cpf":"123","phone":"5987","email":"jj@email.com","address":"rua da felicidade"}
2023-02-18T23:03:33.645Z [my-bank-api] info: POST /client - {"name":"Amigo","cpf":"123","phone":"5987","email":"jj@email.com","address":"rua da felicidade"}
2023-02-19T00:58:06.219Z [my-bank-api] info: POST /client - {"name":"123","cpf":"123","phone":"5987","email":"jj@email.com","address":"rua da felicidade"}
2023-02-19T01:00:51.696Z [my-bank-api] info: POST /client - {"name":"123","cpf":"123","phone":"5987","email":"jj@email.com","address":"rua da felicidade"}
2023-02-19T01:04:47.432Z [my-bank-api] info: POST /client - {"name":"123","cpf":"123","phone":"5987","email":"jj@email.com","address":"rua da felicidade"}
2023-02-19T01:17:08.171Z [my-bank-api] error: GET  - clientService.getClients is not a function
2023-02-19T01:18:40.464Z [my-bank-api] info: GET /client
2023-02-19T01:24:14.703Z [my-bank-api] info: GET /client
2023-02-19T01:25:11.543Z [my-bank-api] error: GET  - column "id" does not exist
2023-02-19T01:25:25.247Z [my-bank-api] error: GET  - column "id" does not exist
2023-02-19T01:27:01.270Z [my-bank-api] error: GET  - column "id" does not exist
2023-02-19T01:27:25.051Z [my-bank-api] error: GET  - column "id" does not exist
2023-02-19T01:27:55.316Z [my-bank-api] error: GET  - column "id" does not exist
2023-02-19T01:28:11.546Z [my-bank-api] error: GET  - column "id" does not exist
2023-02-19T01:29:55.890Z [my-bank-api] error: GET  - column "id" does not exist
2023-02-19T01:30:29.495Z [my-bank-api] info: GET /client/8
2023-02-19T01:30:38.282Z [my-bank-api] info: GET /client/9
2023-02-19T01:30:42.289Z [my-bank-api] info: GET /client/1
2023-02-19T01:33:01.749Z [my-bank-api] info: DELETE /client/1
2023-02-19T01:33:07.427Z [my-bank-api] info: GET /client
2023-02-19T01:33:16.746Z [my-bank-api] info: DELETE /client/9
2023-02-19T01:33:24.077Z [my-bank-api] info: GET /client
2023-02-19T01:33:30.749Z [my-bank-api] info: DELETE /client/10
2023-02-19T01:33:37.061Z [my-bank-api] info: GET /client
2023-02-19T01:38:52.452Z [my-bank-api] info: PUT /client - {"name":"Pietro","cpf":"897","phone":"9999","email":"****","address":"rua 02","client_id":"3"}
2023-02-19T01:39:02.796Z [my-bank-api] info: GET /client/3
2023-02-19T01:39:06.279Z [my-bank-api] info: GET /client
2023-02-19T01:42:05.623Z [my-bank-api] info: DELETE /client/2
2023-02-19T01:42:09.575Z [my-bank-api] info: GET /client
2023-02-19T01:46:28.410Z [my-bank-api] info: PUT /client - {"name":"Familia","cpf":"897","phone":"9999","email":"****","address":"rua 02","client_id":"6"}
2023-02-19T02:20:24.933Z [my-bank-api] info: POST /suplier - {"name":"foxnews","cnpj":"123","phone":"5987","email":"jj@email.com","address":"rua da felicidade"}
2023-02-19T02:21:10.343Z [my-bank-api] info: GET /suplier
2023-02-19T02:21:22.324Z [my-bank-api] info: POST /suplier - {"name":"foxnews123","cnpj":"123","phone":"5987","email":"jj@email.com","address":"rua da felicidade"}
2023-02-19T02:21:24.851Z [my-bank-api] info: GET /suplier
2023-02-19T02:21:41.091Z [my-bank-api] info: GET /suplier/2
2023-02-19T02:22:11.898Z [my-bank-api] error: PUT  - bind message supplies 5 parameters, but prepared statement "" requires 6
2023-02-19T02:23:28.045Z [my-bank-api] info: PUT /suplier - {"name":"cnn","cnpj":"123","phone":"5987","email":"jj@email.com","address":"rua da felicidade","suplier_id":"2"}
2023-02-19T02:24:03.653Z [my-bank-api] info: DELETE /suplier/2
2023-02-19T02:24:07.004Z [my-bank-api] info: GET /suplier
2023-02-19T19:19:26.806Z [my-bank-api] error: POST  - Name, Description, Value, Stock e Supplier ID são obrigatórios.
2023-02-19T19:21:37.869Z [my-bank-api] error: POST  - Name, Description, Value, Stock e Supplier ID são obrigatórios.
2023-02-19T19:22:36.870Z [my-bank-api] error: POST  - Name, Description, Value, Stock e Supplier ID são obrigatórios.
2023-02-19T19:22:39.042Z [my-bank-api] error: POST  - Name, Description, Value, Stock e Supplier ID são obrigatórios.
2023-02-19T19:22:46.180Z [my-bank-api] error: POST  - Name, Description, Value, Stock e Supplier ID são obrigatórios.
2023-02-19T19:23:26.189Z [my-bank-api] info: GET /product
2023-02-19T19:30:06.232Z [my-bank-api] error: POST  - Name, Description, Value, Stock e Supplier ID são obrigatórios.
2023-02-19T19:30:54.213Z [my-bank-api] error: POST  - O supplier_id informado não existe.
2023-02-19T19:31:25.698Z [my-bank-api] error: POST  - O supplier_id informado não existe.
2023-02-19T19:33:28.308Z [my-bank-api] info: POST /suplier - {"name":"apple","cnpj":"123","phone":"5987","email":"jj@email.com","address":"rua da felicidade"}
2023-02-19T19:33:40.807Z [my-bank-api] info: POST /suplier - {"name":"aws","cnpj":"123","phone":"5987","email":"jj@email.com","address":"rua da felicidade"}
2023-02-19T19:33:46.382Z [my-bank-api] info: GET /suplier
2023-02-19T19:34:02.928Z [my-bank-api] error: POST  - O supplier_id informado não existe.
2023-02-19T19:34:15.440Z [my-bank-api] error: POST  - column "supplier_id" of relation "products" does not exist
2023-02-19T19:34:22.675Z [my-bank-api] error: POST  - O supplier_id informado não existe.
2023-02-19T19:34:32.589Z [my-bank-api] error: POST  - O supplier_id informado não existe.
2023-02-19T19:35:51.809Z [my-bank-api] error: POST  - O supplier_id informado não existe.
2023-02-19T19:36:45.382Z [my-bank-api] error: POST  - O supplier_id informado não existe.
2023-02-19T19:36:46.972Z [my-bank-api] error: POST  - O supplier_id informado não existe.
2023-02-19T19:36:54.999Z [my-bank-api] error: POST  - O supplier_id informado não existe.
2023-02-19T19:36:56.045Z [my-bank-api] error: POST  - O supplier_id informado não existe.
2023-02-19T19:38:07.868Z [my-bank-api] error: POST  - O supplier_id informado não existe.
2023-02-19T19:38:49.310Z [my-bank-api] info: GET /suplier
2023-02-19T19:39:14.061Z [my-bank-api] error: POST  - O supplier_id informado não existe.
2023-02-19T19:39:28.196Z [my-bank-api] error: POST  - O supplier_id informado não existe.
2023-02-19T19:40:13.414Z [my-bank-api] info: GET /suplier
2023-02-19T19:40:35.623Z [my-bank-api] info: GET /product
2023-02-19T19:42:57.862Z [my-bank-api] error: POST  - O supplier_id informado não existe.
2023-02-19T19:42:59.300Z [my-bank-api] error: POST  - O supplier_id informado não existe.
2023-02-19T19:43:06.904Z [my-bank-api] error: POST  - O supplier_id informado não existe.
2023-02-19T19:43:08.151Z [my-bank-api] error: POST  - O supplier_id informado não existe.
2023-02-19T19:44:03.652Z [my-bank-api] error: POST  - O supplier_id informado não existe.
2023-02-19T19:53:43.176Z [my-bank-api] info: GET /product
2023-02-19T19:54:17.027Z [my-bank-api] error: POST  - Name, Description, Value, Stock e Supplier ID são obrigatórios.
2023-02-19T19:54:40.726Z [my-bank-api] error: POST  - Name, Description, Value, Stock e Supplier ID são obrigatórios.
2023-02-19T19:55:01.751Z [my-bank-api] error: POST  - O supplier_id informado não existe.
2023-02-19T19:55:32.830Z [my-bank-api] error: POST  - O supplier_id informado não existe.
2023-02-19T19:56:16.851Z [my-bank-api] error: POST  - O supplier_id informado não existe.
2023-02-19T20:04:22.463Z [my-bank-api] error: POST  - O supplier_id informado não existe.
2023-02-19T20:04:42.605Z [my-bank-api] error: POST  - O supplier_id informado não existe.
2023-03-02T23:13:34.031Z [my-bank-api] error: GET  - relation "clients" does not exist
2023-03-03T00:55:26.472Z [my-bank-api] info: GET /client
2023-03-03T00:55:34.048Z [my-bank-api] info: POST /client - {"name":"123","cpf":"123","phone":"5987","email":"jj@email.com","address":"rua da felicidade"}
2023-03-03T00:55:41.217Z [my-bank-api] info: GET /client
2023-03-03T00:56:18.675Z [my-bank-api] info: GET /client
2023-03-03T00:56:27.464Z [my-bank-api] info: GET /client
2023-03-03T00:56:32.394Z [my-bank-api] info: GET /client
2023-03-03T00:56:39.306Z [my-bank-api] info: POST /client - {"name":"0000","cpf":"123","phone":"5987","email":"jj@email.com","address":"rua da felicidade"}
2023-03-03T00:56:42.966Z [my-bank-api] info: GET /client
2023-03-03T00:56:52.896Z [my-bank-api] info: GET /client/1
2023-03-03T00:56:58.547Z [my-bank-api] error: DELETE  - Unknown column 'client_id' in 'where clause'
2023-03-03T01:03:35.611Z [my-bank-api] info: DELETE /client/2
2023-03-03T01:03:39.667Z [my-bank-api] info: GET /client
2023-03-03T01:03:42.450Z [my-bank-api] info: GET /client
2023-03-03T01:03:46.586Z [my-bank-api] info: POST /client - {"name":"0000","cpf":"123","phone":"5987","email":"jj@email.com","address":"rua da felicidade"}
2023-03-03T01:03:50.599Z [my-bank-api] info: POST /client - {"name":"0000","cpf":"123","phone":"5987","email":"jj@email.com","address":"rua da felicidade"}
2023-03-03T01:03:53.089Z [my-bank-api] info: GET /client
2023-03-03T01:03:56.131Z [my-bank-api] info: GET /client/1
2023-03-03T01:03:58.804Z [my-bank-api] info: DELETE /client/2
2023-03-03T01:04:01.863Z [my-bank-api] info: GET /client
2023-03-03T01:05:07.425Z [my-bank-api] error: PUT  - WHERE parameter "id" has invalid "undefined" value
2023-03-03T01:05:22.411Z [my-bank-api] error: PUT  - Unknown column 'client_id' in 'where clause'
2023-03-03T01:05:32.304Z [my-bank-api] info: PUT /client - {"name":"Familia","cpf":"897","phone":"9999","email":"****","address":"rua 02","client_id":"1"}
2023-03-03T01:05:36.573Z [my-bank-api] info: GET /client
2023-03-03T01:05:39.713Z [my-bank-api] info: GET /client
2023-03-03T01:05:44.437Z [my-bank-api] info: POST /client - {"name":"0000","cpf":"123","phone":"5987","email":"jj@email.com","address":"rua da felicidade"}
2023-03-03T01:05:46.708Z [my-bank-api] info: GET /client
2023-03-03T01:05:54.129Z [my-bank-api] info: PUT /client - {"name":"Familia","cpf":"897","phone":"9999","email":"****","address":"rua 02","client_id":"1"}
2023-03-03T01:05:57.466Z [my-bank-api] info: GET /client
2023-03-03T01:07:12.989Z [my-bank-api] info: POST /client - {"name":"0000","cpf":"123","phone":"5987","email":"jj@email.com","address":"rua da felicidade"}
2023-03-03T01:07:48.944Z [my-bank-api] info: PUT /client - {"name":"Familia","cpf":"897","phone":"9999","email":"****","address":"rua 02","client_id":"1"}
2023-03-03T01:07:57.897Z [my-bank-api] info: POST /client - {"name":"0000","cpf":"123","phone":"5987","email":"jj@email.com","address":"rua da felicidade"}
2023-03-03T01:17:18.513Z [my-bank-api] info: POST /client - {"name":"0000","cpf":"123","phone":"5987","email":"jj@email.com","address":"rua da felicidade"}
2023-03-03T01:17:25.205Z [my-bank-api] info: POST /client - {"name":"0000","cpf":"123","phone":"5987","email":"jj@email.com","address":"rua da felicidade"}
2023-03-03T01:18:28.055Z [my-bank-api] info: POST /client - {"name":"0000","cpf":"123","phone":"5987","email":"jj@email.com","address":"rua da felicidade"}
2023-03-03T01:38:29.063Z [my-bank-api] error: POST  - Name, Description, Value, Stock e Supplier ID são obrigatórios.
2023-03-03T01:39:31.673Z [my-bank-api] error: POST  - notNull Violation: suppliers.cpf cannot be null
2023-03-03T02:18:44.963Z [my-bank-api] info: POST /suplier - {"name":"aws","cnpj":"123","phone":"5987","email":"jj@email.com","address":"rua da felicidade"}
2023-03-03T02:18:57.957Z [my-bank-api] error: POST  - Name, Description, Value, Stock e Supplier ID são obrigatórios.
2023-03-03T02:20:10.260Z [my-bank-api] error: POST  - Name, Description, Value, Stock e Supplier ID são obrigatórios.
2023-03-03T02:20:14.469Z [my-bank-api] info: GET /suplier
2023-03-03T02:21:28.954Z [my-bank-api] info: POST /client - {"name":"0000","cpf":"123","phone":"5987","email":"jj@email.com","address":"rua da felicidade"}
2023-03-03T02:21:32.404Z [my-bank-api] info: GET /client
2023-03-03T02:21:37.786Z [my-bank-api] info: GET /suplier
2023-03-03T02:22:42.085Z [my-bank-api] error: POST  - Name, Description, Value, Stock e Supplier ID são obrigatórios.
2023-03-03T02:23:29.000Z [my-bank-api] error: POST  - Name, Description, Value, Stock e Supplier ID são obrigatórios.
2023-03-03T02:24:32.432Z [my-bank-api] error: POST  - Name, Description, Value, Stock e Supplier ID são obrigatórios.
2023-03-03T02:24:50.833Z [my-bank-api] error: POST  - Name, Description, Value, Stock e Supplier ID são obrigatórios.
2023-03-03T02:26:07.156Z [my-bank-api] info: POST /product - {"id":1,"supplier_id":1,"name":"tv","description":"dd","value":50000,"stock":60}
2023-03-03T02:26:16.604Z [my-bank-api] info: GET /product
2023-03-03T02:26:51.696Z [my-bank-api] error: POST  - O client_id informado não existe.O product_id informado não existe.
2023-03-03T02:27:00.503Z [my-bank-api] info: POST /sale - {"id":1,"value":3500,"date":"2000-01-01T02:00:00.000Z","client_id":1,"product_id":1}
2023-03-03T02:27:33.805Z [my-bank-api] info: GET /sale
2023-03-03T02:38:55.076Z [my-bank-api] info: GET /product
2023-03-03T02:39:08.874Z [my-bank-api] info: DELETE /product
2023-03-03T02:39:16.595Z [my-bank-api] info: GET /sale
2023-03-03T02:43:23.404Z [my-bank-api] info: GET /product
2023-03-03T02:43:26.731Z [my-bank-api] info: POST /product - {"id":2,"supplier_id":1,"name":"tv","description":"dd","value":50000,"stock":60}
2023-03-03T02:43:37.971Z [my-bank-api] info: GET /sale
2023-03-03T02:43:47.961Z [my-bank-api] error: DELETE  - Unknown column 'sales.productId' in 'where clause'
2023-03-03T02:45:24.375Z [my-bank-api] error: DELETE  - Cannot read properties of null (reading 'stock')
2023-03-03T02:45:34.896Z [my-bank-api] info: GET /sale
2023-03-03T02:45:37.543Z [my-bank-api] info: GET /sale
2023-03-03T02:45:42.518Z [my-bank-api] info: GET /product
2023-03-03T02:45:51.708Z [my-bank-api] info: POST /sale - {"id":2,"value":3500,"date":"2000-01-01T02:00:00.000Z","client_id":1,"product_id":2}
2023-03-03T02:46:01.300Z [my-bank-api] info: GET /sale
2023-03-03T02:46:43.584Z [my-bank-api] info: GET /sale
2023-03-03T02:46:57.796Z [my-bank-api] error: DELETE  - Unknown column 'sales.productId' in 'where clause'
2023-03-03T02:52:10.934Z [my-bank-api] error: DELETE  - Unknown column 'sales.productId' in 'where clause'
2023-03-03T02:52:12.463Z [my-bank-api] error: DELETE  - Unknown column 'sales.productId' in 'where clause'
2023-03-03T02:52:53.783Z [my-bank-api] info: GET /client
2023-03-03T02:53:21.111Z [my-bank-api] error: DELETE  - Unknown column 'sales.productId' in 'where clause'
2023-03-03T02:53:42.382Z [my-bank-api] info: GET /product
2023-03-03T02:53:57.369Z [my-bank-api] info: GET /product
2023-03-03T02:55:42.630Z [my-bank-api] error: DELETE  - Unknown column 'sales.productId' in 'where clause'
2023-03-03T02:56:02.265Z [my-bank-api] error: DELETE  - Unknown column 'sales.productId' in 'where clause'
2023-03-03T02:57:05.052Z [my-bank-api] error: DELETE  - Unknown column 'sales.productId' in 'where clause'
2023-03-03T02:58:18.285Z [my-bank-api] error: DELETE  - Unknown column 'sales.productId' in 'where clause'
2023-03-03T02:59:11.590Z [my-bank-api] error: DELETE  - Unknown column 'sales.productId' in 'where clause'
2023-03-03T03:04:50.886Z [my-bank-api] error: DELETE  - Unknown column 'sales.productId' in 'where clause'
2023-03-03T03:08:26.612Z [my-bank-api] info: GET /sale
2023-03-03T03:09:19.254Z [my-bank-api] error: GET  - Unknown column 'sales.productId' in 'where clause'
2023-03-03T03:09:59.041Z [my-bank-api] error: GET  - Unknown column 'sales.productId' in 'where clause'
2023-03-03T03:10:00.284Z [my-bank-api] error: GET  - Unknown column 'sales.productId' in 'where clause'
2023-03-03T03:10:35.586Z [my-bank-api] error: GET  - id is not defined
2023-03-03T03:10:54.022Z [my-bank-api] info: GET /sale
2023-03-03T03:11:01.271Z [my-bank-api] info: GET /product
2023-03-03T03:11:06.531Z [my-bank-api] info: GET /sale
2023-03-03T03:11:15.082Z [my-bank-api] info: GET /sale
2023-03-03T03:11:26.973Z [my-bank-api] error: DELETE  - O id da sale informado não existe.
2023-03-03T03:11:34.511Z [my-bank-api] info: GET /sale
2023-03-03T03:11:40.909Z [my-bank-api] info: DELETE /sale
2023-03-03T03:11:46.638Z [my-bank-api] info: POST /sale - {"id":3,"value":3500,"date":"2000-01-01T02:00:00.000Z","client_id":1,"product_id":2}
2023-03-03T03:11:54.459Z [my-bank-api] info: GET /product
2023-03-03T03:11:57.932Z [my-bank-api] error: DELETE  - O produto não pode ser excluído pois está vinculado a uma venda.
